c:\users\jungle\downloads\directxtk-main\directxtk-main\bin\desktop_2022_win10\x64\release\directxtk.pch
c:\users\jungle\downloads\directxtk-main\directxtk-main\bin\desktop_2022_win10\x64\release\directxtk.pdb
c:\users\jungle\downloads\directxtk-main\directxtk-main\bin\desktop_2022_win10\x64\release\pch.obj
c:\users\jungle\downloads\directxtk-main\directxtk-main\bin\desktop_2022_win10\x64\release\dualpostprocess.obj
c:\users\jungle\downloads\directxtk-main\directxtk-main\bin\desktop_2022_win10\x64\release\directxhelpers.obj
c:\users\jungle\downloads\directxtk-main\directxtk-main\bin\desktop_2022_win10\x64\release\dgsleffectfactory.obj
c:\users\jungle\downloads\directxtk-main\directxtk-main\bin\desktop_2022_win10\x64\release\dgsleffect.obj
c:\users\jungle\downloads\directxtk-main\directxtk-main\bin\desktop_2022_win10\x64\release\debugeffect.obj
c:\users\jungle\downloads\directxtk-main\directxtk-main\bin\desktop_2022_win10\x64\release\ddstextureloader.obj
c:\users\jungle\downloads\directxtk-main\directxtk-main\bin\desktop_2022_win10\x64\release\commonstates.obj
c:\users\jungle\downloads\directxtk-main\directxtk-main\bin\desktop_2022_win10\x64\release\bufferhelpers.obj
c:\users\jungle\downloads\directxtk-main\directxtk-main\bin\desktop_2022_win10\x64\release\basicpostprocess.obj
c:\users\jungle\downloads\directxtk-main\directxtk-main\bin\desktop_2022_win10\x64\release\basiceffect.obj
c:\users\jungle\downloads\directxtk-main\directxtk-main\bin\desktop_2022_win10\x64\release\alphatesteffect.obj
c:\users\jungle\downloads\directxtk-main\directxtk-main\bin\desktop_2022_win10\x64\release\wavfilereader.obj
c:\users\jungle\downloads\directxtk-main\directxtk-main\bin\desktop_2022_win10\x64\release\wavebankreader.obj
c:\users\jungle\downloads\directxtk-main\directxtk-main\bin\desktop_2022_win10\x64\release\wavebank.obj
c:\users\jungle\downloads\directxtk-main\directxtk-main\bin\desktop_2022_win10\x64\release\soundstreaminstance.obj
c:\users\jungle\downloads\directxtk-main\directxtk-main\bin\desktop_2022_win10\x64\release\soundeffectinstance.obj
c:\users\jungle\downloads\directxtk-main\directxtk-main\bin\desktop_2022_win10\x64\release\soundeffect.obj
c:\users\jungle\downloads\directxtk-main\directxtk-main\bin\desktop_2022_win10\x64\release\soundcommon.obj
c:\users\jungle\downloads\directxtk-main\directxtk-main\bin\desktop_2022_win10\x64\release\dynamicsoundeffectinstance.obj
c:\users\jungle\downloads\directxtk-main\directxtk-main\bin\desktop_2022_win10\x64\release\audioengine.obj
c:\users\jungle\downloads\directxtk-main\directxtk-main\bin\desktop_2022_win10\x64\release\simplemath.obj
c:\users\jungle\downloads\directxtk-main\directxtk-main\bin\desktop_2022_win10\x64\release\screengrab.obj
c:\users\jungle\downloads\directxtk-main\directxtk-main\bin\desktop_2022_win10\x64\release\pbreffectfactory.obj
c:\users\jungle\downloads\directxtk-main\directxtk-main\bin\desktop_2022_win10\x64\release\pbreffect.obj
c:\users\jungle\downloads\directxtk-main\directxtk-main\bin\desktop_2022_win10\x64\release\normalmapeffect.obj
c:\users\jungle\downloads\directxtk-main\directxtk-main\bin\desktop_2022_win10\x64\release\mouse.obj
c:\users\jungle\downloads\directxtk-main\directxtk-main\bin\desktop_2022_win10\x64\release\modelloadvbo.obj
c:\users\jungle\downloads\directxtk-main\directxtk-main\bin\desktop_2022_win10\x64\release\modelloadsdkmesh.obj
c:\users\jungle\downloads\directxtk-main\directxtk-main\bin\desktop_2022_win10\x64\release\modelloadcmo.obj
c:\users\jungle\downloads\directxtk-main\directxtk-main\bin\desktop_2022_win10\x64\release\model.obj
c:\users\jungle\downloads\directxtk-main\directxtk-main\bin\desktop_2022_win10\x64\release\keyboard.obj
c:\users\jungle\downloads\directxtk-main\directxtk-main\bin\desktop_2022_win10\x64\release\graphicsmemory.obj
c:\users\jungle\downloads\directxtk-main\directxtk-main\bin\desktop_2022_win10\x64\release\geometry.obj
c:\users\jungle\downloads\directxtk-main\directxtk-main\bin\desktop_2022_win10\x64\release\geometricprimitive.obj
c:\users\jungle\downloads\directxtk-main\directxtk-main\bin\desktop_2022_win10\x64\release\gamepad.obj
c:\users\jungle\downloads\directxtk-main\directxtk-main\bin\desktop_2022_win10\x64\release\environmentmapeffect.obj
c:\users\jungle\downloads\directxtk-main\directxtk-main\bin\desktop_2022_win10\x64\release\effectfactory.obj
c:\users\jungle\downloads\directxtk-main\directxtk-main\bin\desktop_2022_win10\x64\release\effectcommon.obj
c:\users\jungle\downloads\directxtk-main\directxtk-main\bin\desktop_2022_win10\x64\release\binaryreader.obj
c:\users\jungle\downloads\directxtk-main\directxtk-main\bin\desktop_2022_win10\x64\release\dualtextureeffect.obj
c:\users\jungle\downloads\directxtk-main\directxtk-main\bin\desktop_2022_win10\x64\release\wictextureloader.obj
c:\users\jungle\downloads\directxtk-main\directxtk-main\bin\desktop_2022_win10\x64\release\vertextypes.obj
c:\users\jungle\downloads\directxtk-main\directxtk-main\bin\desktop_2022_win10\x64\release\tonemappostprocess.obj
c:\users\jungle\downloads\directxtk-main\directxtk-main\bin\desktop_2022_win10\x64\release\spritefont.obj
c:\users\jungle\downloads\directxtk-main\directxtk-main\bin\desktop_2022_win10\x64\release\primitivebatch.obj
c:\users\jungle\downloads\directxtk-main\directxtk-main\bin\desktop_2022_win10\x64\release\spritebatch.obj
c:\users\jungle\downloads\directxtk-main\directxtk-main\bin\desktop_2022_win10\x64\release\skinnedeffect.obj
c:\users\jungle\downloads\directxtk-main\directxtk-main\bin\desktop_2022_win10\x64\release\directxtk.lib
c:\users\jungle\downloads\directxtk-main\directxtk-main\bin\desktop_2022_win10\x64\release\directxt.e0b52ae7.tlog\cl.command.1.tlog
c:\users\jungle\downloads\directxtk-main\directxtk-main\bin\desktop_2022_win10\x64\release\directxt.e0b52ae7.tlog\cl.items.tlog
c:\users\jungle\downloads\directxtk-main\directxtk-main\bin\desktop_2022_win10\x64\release\directxt.e0b52ae7.tlog\cl.read.1.tlog
c:\users\jungle\downloads\directxtk-main\directxtk-main\bin\desktop_2022_win10\x64\release\directxt.e0b52ae7.tlog\cl.write.1.tlog
c:\users\jungle\downloads\directxtk-main\directxtk-main\bin\desktop_2022_win10\x64\release\directxt.e0b52ae7.tlog\lib-link.read.1.tlog
c:\users\jungle\downloads\directxtk-main\directxtk-main\bin\desktop_2022_win10\x64\release\directxt.e0b52ae7.tlog\lib-link.write.1.tlog
c:\users\jungle\downloads\directxtk-main\directxtk-main\bin\desktop_2022_win10\x64\release\directxt.e0b52ae7.tlog\lib.command.1.tlog
